<?xml version="1.0" encoding="UTF-8" ?>
<testsuite failures="0" time="0.079" errors="2" skipped="0" tests="4" name="cc.mallet.fst.tests.TestMEMM">
  <properties>
[...]
</properties>
  <testcase time="0.002" classname="cc.mallet.fst.tests.TestMEMM" name="testGetSetParameters"/>
  <testcase time="0" classname="cc.mallet.fst.tests.TestMEMM" name="testIncrement"/>
  <testcase time="0.037" classname="cc.mallet.fst.tests.TestMEMM" name="testSpaceMaximizable">
    <error message="sy = 83.87438991729655 &gt; 0" type="cc.mallet.optimize.InvalidOptimizableException">cc.mallet.optimize.InvalidOptimizableException: sy = 83.87438991729655 &gt; 0
	at cc.mallet.optimize.LimitedMemoryBFGS.optimize(LimitedMemoryBFGS.java:201)
	at cc.mallet.fst.MEMMTrainer.train(MEMMTrainer.java:124)
	at cc.mallet.fst.tests.TestMEMM.testSpaceMaximizable(TestMEMM.java:127)
	at sun.reflect.NativeMethodAccessorImpl.invoke0(Native Method)
	at sun.reflect.NativeMethodAccessorImpl.invoke(NativeMethodAccessorImpl.java:57)
	at sun.reflect.DelegatingMethodAccessorImpl.invoke(DelegatingMethodAccessorImpl.java:43)
	at java.lang.reflect.Method.invoke(Method.java:606)
	at junit.framework.TestCase.runTest(TestCase.java:168)
	at junit.framework.TestCase.runBare(TestCase.java:134)
	at junit.framework.TestResult$1.protect(TestResult.java:110)
	at junit.framework.TestResult.runProtected(TestResult.java:128)
	at junit.framework.TestResult.run(TestResult.java:113)
	at junit.framework.TestCase.run(TestCase.java:124)
	at junit.framework.TestSuite.runTest(TestSuite.java:243)
	at junit.framework.TestSuite.run(TestSuite.java:238)
	at org.junit.internal.runners.JUnit38ClassRunner.run(JUnit38ClassRunner.java:83)
	at org.apache.maven.surefire.junit4.JUnit4Provider.execute(JUnit4Provider.java:252)
	at org.apache.maven.surefire.junit4.JUnit4Provider.executeTestSet(JUnit4Provider.java:141)
	at org.apache.maven.surefire.junit4.JUnit4Provider.invoke(JUnit4Provider.java:112)
	at sun.reflect.NativeMethodAccessorImpl.invoke0(Native Method)
	at sun.reflect.NativeMethodAccessorImpl.invoke(NativeMethodAccessorImpl.java:57)
	at sun.reflect.DelegatingMethodAccessorImpl.invoke(DelegatingMethodAccessorImpl.java:43)
	at java.lang.reflect.Method.invoke(Method.java:606)
	at org.apache.maven.surefire.util.ReflectionUtils.invokeMethodWithArray(ReflectionUtils.java:189)
	at org.apache.maven.surefire.booter.ProviderFactory$ProviderProxy.invoke(ProviderFactory.java:165)
	at org.apache.maven.surefire.booter.ProviderFactory.invokeProvider(ProviderFactory.java:85)
	at org.apache.maven.surefire.booter.ForkedBooter.runSuitesInProcess(ForkedBooter.java:115)
	at org.apache.maven.surefire.booter.ForkedBooter.main(ForkedBooter.java:75)
</error>
    <system-out>State #0 &quot;start&quot;
initialWeight=0.0, finalWeight=0.0
#destinations=2
-&gt; start
-&gt; notstart
State #1 &quot;notstart&quot;
initialWeight=0.0, finalWeight=0.0
#destinations=2
-&gt; start
-&gt; notstart
State #2 &quot;&lt;START&gt;&quot;
initialWeight=0.0, finalWeight=0.0
#destinations=2
-&gt; start
-&gt; notstart
</system-out>
    <system-err>十月 01, 2015 4:28:25 下午 cc.mallet.fst.CRF addFullyConnectedStatesForLabels
信息: CRF: outputAlphabet.lookup class = java.lang.String
十月 01, 2015 4:28:25 下午 cc.mallet.fst.CRF addFullyConnectedStatesForLabels
信息: CRF: outputAlphabet.lookup class = java.lang.String
十月 01, 2015 4:28:25 下午 cc.mallet.fst.CRF setWeightsDimensionAsIn
信息: CRF weights[start-&gt;start:start] num features = 34
十月 01, 2015 4:28:25 下午 cc.mallet.fst.CRF setWeightsDimensionAsIn
信息: CRF weights[start-&gt;notstart:notstart] num features = 312
十月 01, 2015 4:28:25 下午 cc.mallet.fst.CRF setWeightsDimensionAsIn
信息: CRF weights[notstart-&gt;start:start] num features = 374
十月 01, 2015 4:28:25 下午 cc.mallet.fst.CRF setWeightsDimensionAsIn
信息: CRF weights[notstart-&gt;notstart:notstart] num features = 681
十月 01, 2015 4:28:25 下午 cc.mallet.fst.CRF setWeightsDimensionAsIn
信息: CRF weights[&lt;START&gt;-&gt;start:start] num features = 32
十月 01, 2015 4:28:25 下午 cc.mallet.fst.CRF setWeightsDimensionAsIn
信息: CRF weights[&lt;START&gt;-&gt;notstart:notstart] num features = 0
十月 01, 2015 4:28:25 下午 cc.mallet.fst.CRF setWeightsDimensionAsIn
信息: Number of weights = 1439
十月 01, 2015 4:28:25 下午 cc.mallet.fst.MEMMTrainer train
信息: CRF about to train with 1 iterations
十月 01, 2015 4:28:25 下午 cc.mallet.fst.CRFOptimizableByLabelLikelihood getValue
信息: getValue() (loglikelihood, optimizable by label likelihood) = -2788.5311073927237
十月 01, 2015 4:28:25 下午 cc.mallet.fst.CRFOptimizableByLabelLikelihood getValue
信息: getValue() (loglikelihood, optimizable by label likelihood) = -2084.5740884489674
</system-err>
  </testcase>
  <testcase time="0.04" classname="cc.mallet.fst.tests.TestMEMM" name="testSpaceSerializable">
    <error message="sy = 83.87438991729655 &gt; 0" type="cc.mallet.optimize.InvalidOptimizableException">cc.mallet.optimize.InvalidOptimizableException: sy = 83.87438991729655 &gt; 0
	at cc.mallet.optimize.LimitedMemoryBFGS.optimize(LimitedMemoryBFGS.java:201)
	at cc.mallet.fst.MEMMTrainer.train(MEMMTrainer.java:124)
	at cc.mallet.fst.tests.TestMEMM.testSpaceSerializable(TestMEMM.java:150)
	at sun.reflect.NativeMethodAccessorImpl.invoke0(Native Method)
	at sun.reflect.NativeMethodAccessorImpl.invoke(NativeMethodAccessorImpl.java:57)
	at sun.reflect.DelegatingMethodAccessorImpl.invoke(DelegatingMethodAccessorImpl.java:43)
	at java.lang.reflect.Method.invoke(Method.java:606)
	at junit.framework.TestCase.runTest(TestCase.java:168)
	at junit.framework.TestCase.runBare(TestCase.java:134)
	at junit.framework.TestResult$1.protect(TestResult.java:110)
	at junit.framework.TestResult.runProtected(TestResult.java:128)
	at junit.framework.TestResult.run(TestResult.java:113)
	at junit.framework.TestCase.run(TestCase.java:124)
	at junit.framework.TestSuite.runTest(TestSuite.java:243)
	at junit.framework.TestSuite.run(TestSuite.java:238)
	at org.junit.internal.runners.JUnit38ClassRunner.run(JUnit38ClassRunner.java:83)
	at org.apache.maven.surefire.junit4.JUnit4Provider.execute(JUnit4Provider.java:252)
	at org.apache.maven.surefire.junit4.JUnit4Provider.executeTestSet(JUnit4Provider.java:141)
	at org.apache.maven.surefire.junit4.JUnit4Provider.invoke(JUnit4Provider.java:112)
	at sun.reflect.NativeMethodAccessorImpl.invoke0(Native Method)
	at sun.reflect.NativeMethodAccessorImpl.invoke(NativeMethodAccessorImpl.java:57)
	at sun.reflect.DelegatingMethodAccessorImpl.invoke(DelegatingMethodAccessorImpl.java:43)
	at java.lang.reflect.Method.invoke(Method.java:606)
	at org.apache.maven.surefire.util.ReflectionUtils.invokeMethodWithArray(ReflectionUtils.java:189)
	at org.apache.maven.surefire.booter.ProviderFactory$ProviderProxy.invoke(ProviderFactory.java:165)
	at org.apache.maven.surefire.booter.ProviderFactory.invokeProvider(ProviderFactory.java:85)
	at org.apache.maven.surefire.booter.ForkedBooter.runSuitesInProcess(ForkedBooter.java:115)
	at org.apache.maven.surefire.booter.ForkedBooter.main(ForkedBooter.java:75)
</error>
    <system-out>State #0 &quot;start&quot;
initialWeight=0.0, finalWeight=0.0
#destinations=2
-&gt; start
-&gt; notstart
State #1 &quot;notstart&quot;
initialWeight=0.0, finalWeight=0.0
#destinations=2
-&gt; start
-&gt; notstart
State #2 &quot;&lt;START&gt;&quot;
initialWeight=0.0, finalWeight=0.0
#destinations=2
-&gt; start
-&gt; notstart
</system-out>
    <system-err>十月 01, 2015 4:28:25 下午 cc.mallet.fst.CRF addFullyConnectedStatesForLabels
信息: CRF: outputAlphabet.lookup class = java.lang.String
十月 01, 2015 4:28:25 下午 cc.mallet.fst.CRF addFullyConnectedStatesForLabels
信息: CRF: outputAlphabet.lookup class = java.lang.String
十月 01, 2015 4:28:25 下午 cc.mallet.fst.CRF setWeightsDimensionAsIn
信息: CRF weights[start-&gt;start:start] num features = 34
十月 01, 2015 4:28:25 下午 cc.mallet.fst.CRF setWeightsDimensionAsIn
信息: CRF weights[start-&gt;notstart:notstart] num features = 312
十月 01, 2015 4:28:25 下午 cc.mallet.fst.CRF setWeightsDimensionAsIn
信息: CRF weights[notstart-&gt;start:start] num features = 374
十月 01, 2015 4:28:25 下午 cc.mallet.fst.CRF setWeightsDimensionAsIn
信息: CRF weights[notstart-&gt;notstart:notstart] num features = 681
十月 01, 2015 4:28:25 下午 cc.mallet.fst.CRF setWeightsDimensionAsIn
信息: CRF weights[&lt;START&gt;-&gt;start:start] num features = 32
十月 01, 2015 4:28:25 下午 cc.mallet.fst.CRF setWeightsDimensionAsIn
信息: CRF weights[&lt;START&gt;-&gt;notstart:notstart] num features = 0
十月 01, 2015 4:28:25 下午 cc.mallet.fst.CRF setWeightsDimensionAsIn
信息: Number of weights = 1439
十月 01, 2015 4:28:25 下午 cc.mallet.fst.MEMMTrainer train
信息: CRF about to train with 10 iterations
十月 01, 2015 4:28:25 下午 cc.mallet.fst.CRFOptimizableByLabelLikelihood getValue
信息: getValue() (loglikelihood, optimizable by label likelihood) = -2788.5311073927237
十月 01, 2015 4:28:25 下午 cc.mallet.fst.CRFOptimizableByLabelLikelihood getValue
信息: getValue() (loglikelihood, optimizable by label likelihood) = -2084.5740884489674
</system-err>
  </testcase>
</testsuite>