<?xml version="1.0" encoding="UTF-8" ?>
<testsuite failures="0" time="0.124" errors="2" skipped="0" tests="2" name="cc.mallet.extract.test.TestLatticeViewer">
  <properties>
[...]
</properties>
  <testcase time="0.018" classname="cc.mallet.extract.test.TestLatticeViewer" name="testSpaceViewer">
    <error message="cc.mallet.extract.StringTokenization cannot be cast to java.lang.CharSequence" type="java.lang.ClassCastException">java.lang.ClassCastException: cc.mallet.extract.StringTokenization cannot be cast to java.lang.CharSequence
	at cc.mallet.pipe.CharSequence2TokenSequence.pipe(CharSequence2TokenSequence.java:63)
	at cc.mallet.pipe.Pipe$SimplePipeInstanceIterator.next(Pipe.java:295)
	at cc.mallet.pipe.Pipe$SimplePipeInstanceIterator.next(Pipe.java:283)
	at cc.mallet.pipe.Pipe$SimplePipeInstanceIterator.next(Pipe.java:291)
	at cc.mallet.pipe.Pipe$SimplePipeInstanceIterator.next(Pipe.java:283)
	at cc.mallet.types.InstanceList.addThruPipe(InstanceList.java:267)
	at cc.mallet.extract.CRFExtractor.extract(CRFExtractor.java:151)
	at cc.mallet.extract.test.TestLatticeViewer.testSpaceViewer(TestLatticeViewer.java:65)
	at sun.reflect.NativeMethodAccessorImpl.invoke0(Native Method)
	at sun.reflect.NativeMethodAccessorImpl.invoke(NativeMethodAccessorImpl.java:57)
	at sun.reflect.DelegatingMethodAccessorImpl.invoke(DelegatingMethodAccessorImpl.java:43)
	at java.lang.reflect.Method.invoke(Method.java:606)
	at junit.framework.TestCase.runTest(TestCase.java:168)
	at junit.framework.TestCase.runBare(TestCase.java:134)
	at junit.framework.TestResult$1.protect(TestResult.java:110)
	at junit.framework.TestResult.runProtected(TestResult.java:128)
	at junit.framework.TestResult.run(TestResult.java:113)
	at junit.framework.TestCase.run(TestCase.java:124)
	at junit.framework.TestSuite.runTest(TestSuite.java:243)
	at junit.framework.TestSuite.run(TestSuite.java:238)
	at org.junit.internal.runners.JUnit38ClassRunner.run(JUnit38ClassRunner.java:83)
	at org.apache.maven.surefire.junit4.JUnit4Provider.execute(JUnit4Provider.java:252)
	at org.apache.maven.surefire.junit4.JUnit4Provider.executeTestSet(JUnit4Provider.java:141)
	at org.apache.maven.surefire.junit4.JUnit4Provider.invoke(JUnit4Provider.java:112)
	at sun.reflect.NativeMethodAccessorImpl.invoke0(Native Method)
	at sun.reflect.NativeMethodAccessorImpl.invoke(NativeMethodAccessorImpl.java:57)
	at sun.reflect.DelegatingMethodAccessorImpl.invoke(DelegatingMethodAccessorImpl.java:43)
	at java.lang.reflect.Method.invoke(Method.java:606)
	at org.apache.maven.surefire.util.ReflectionUtils.invokeMethodWithArray(ReflectionUtils.java:189)
	at org.apache.maven.surefire.booter.ProviderFactory$ProviderProxy.invoke(ProviderFactory.java:165)
	at org.apache.maven.surefire.booter.ProviderFactory.invokeProvider(ProviderFactory.java:85)
	at org.apache.maven.surefire.booter.ForkedBooter.runSuitesInProcess(ForkedBooter.java:115)
	at org.apache.maven.surefire.booter.ForkedBooter.main(ForkedBooter.java:75)
</error>
    <system-out>State #0 &quot;start&quot;
initialWeight=0.0, finalWeight=0.0
#destinations=2
-&gt; start
-&gt; notstart
State #1 &quot;notstart&quot;
initialWeight=0.0, finalWeight=0.0
#destinations=2
-&gt; start
-&gt; notstart
</system-out>
    <system-err>十月 01, 2015 4:26:28 下午 cc.mallet.fst.CRF addFullyConnectedStatesForLabels
信息: CRF: outputAlphabet.lookup class = java.lang.String
十月 01, 2015 4:26:28 下午 cc.mallet.fst.CRF addFullyConnectedStatesForLabels
信息: CRF: outputAlphabet.lookup class = java.lang.String
十月 01, 2015 4:26:28 下午 cc.mallet.fst.CRF setWeightsDimensionAsIn
信息: CRF weights[start-&gt;start:start] num features = 8
十月 01, 2015 4:26:28 下午 cc.mallet.fst.CRF setWeightsDimensionAsIn
信息: CRF weights[start-&gt;notstart:notstart] num features = 63
十月 01, 2015 4:26:28 下午 cc.mallet.fst.CRF setWeightsDimensionAsIn
信息: CRF weights[notstart-&gt;start:start] num features = 72
十月 01, 2015 4:26:28 下午 cc.mallet.fst.CRF setWeightsDimensionAsIn
信息: CRF weights[notstart-&gt;notstart:notstart] num features = 169
十月 01, 2015 4:26:28 下午 cc.mallet.fst.CRF setWeightsDimensionAsIn
信息: Number of weights = 316
十月 01, 2015 4:26:28 下午 cc.mallet.fst.CRFTrainerByLabelLikelihood train
信息: CRF about to train with 2147483647 iterations
十月 01, 2015 4:26:28 下午 cc.mallet.fst.CRFOptimizableByLabelLikelihood getValue
信息: getValue() (loglikelihood, optimizable by label likelihood) = -112.98299043127126
十月 01, 2015 4:26:28 下午 cc.mallet.fst.CRFOptimizableByLabelLikelihood getValue
信息: getValue() (loglikelihood, optimizable by label likelihood) = -81.68791364037904
十月 01, 2015 4:26:28 下午 cc.mallet.fst.CRFOptimizableByLabelLikelihood getValue
信息: getValue() (loglikelihood, optimizable by label likelihood) = -72.25848457068977
十月 01, 2015 4:26:28 下午 cc.mallet.fst.CRFTrainerByLabelLikelihood train
信息: CRF finished one iteration of maximizer, i=0
十月 01, 2015 4:26:28 下午 cc.mallet.fst.CRFOptimizableByLabelLikelihood getValue
信息: getValue() (loglikelihood, optimizable by label likelihood) = -57.76106918226742
十月 01, 2015 4:26:28 下午 cc.mallet.fst.CRFTrainerByLabelLikelihood train
信息: CRF finished one iteration of maximizer, i=1
十月 01, 2015 4:26:28 下午 cc.mallet.fst.CRFOptimizableByLabelLikelihood getValue
信息: getValue() (loglikelihood, optimizable by label likelihood) = -50.73945185400652
十月 01, 2015 4:26:28 下午 cc.mallet.fst.CRFTrainerByLabelLikelihood train
信息: CRF finished one iteration of maximizer, i=2
十月 01, 2015 4:26:28 下午 cc.mallet.fst.CRFOptimizableByLabelLikelihood getValue
信息: getValue() (loglikelihood, optimizable by label likelihood) = -39.30337445643808
十月 01, 2015 4:26:28 下午 cc.mallet.fst.CRFTrainerByLabelLikelihood train
信息: CRF finished one iteration of maximizer, i=3
十月 01, 2015 4:26:28 下午 cc.mallet.fst.CRFOptimizableByLabelLikelihood getValue
信息: getValue() (loglikelihood, optimizable by label likelihood) = -35.161876870420066
十月 01, 2015 4:26:28 下午 cc.mallet.fst.CRFTrainerByLabelLikelihood train
信息: CRF finished one iteration of maximizer, i=4
十月 01, 2015 4:26:28 下午 cc.mallet.fst.CRFOptimizableByLabelLikelihood getValue
信息: getValue() (loglikelihood, optimizable by label likelihood) = -34.211076083992936
十月 01, 2015 4:26:28 下午 cc.mallet.fst.CRFTrainerByLabelLikelihood train
信息: CRF finished one iteration of maximizer, i=5
十月 01, 2015 4:26:28 下午 cc.mallet.fst.CRFOptimizableByLabelLikelihood getValue
信息: getValue() (loglikelihood, optimizable by label likelihood) = -36.60891431308333
十月 01, 2015 4:26:28 下午 cc.mallet.fst.CRFOptimizableByLabelLikelihood getValue
信息: getValue() (loglikelihood, optimizable by label likelihood) = -34.02027365761046
十月 01, 2015 4:26:28 下午 cc.mallet.fst.CRFTrainerByLabelLikelihood train
信息: CRF finished one iteration of maximizer, i=6
十月 01, 2015 4:26:28 下午 cc.mallet.fst.CRFOptimizableByLabelLikelihood getValue
信息: getValue() (loglikelihood, optimizable by label likelihood) = -33.7974604204141
十月 01, 2015 4:26:28 下午 cc.mallet.fst.CRFTrainerByLabelLikelihood train
信息: CRF finished one iteration of maximizer, i=7
十月 01, 2015 4:26:28 下午 cc.mallet.fst.CRFOptimizableByLabelLikelihood getValue
信息: getValue() (loglikelihood, optimizable by label likelihood) = -33.50950938337477
十月 01, 2015 4:26:28 下午 cc.mallet.fst.CRFTrainerByLabelLikelihood train
信息: CRF finished one iteration of maximizer, i=8
十月 01, 2015 4:26:28 下午 cc.mallet.fst.CRFOptimizableByLabelLikelihood getValue
信息: getValue() (loglikelihood, optimizable by label likelihood) = -33.4339063515656
十月 01, 2015 4:26:28 下午 cc.mallet.fst.CRFTrainerByLabelLikelihood train
信息: CRF finished one iteration of maximizer, i=9
十月 01, 2015 4:26:28 下午 cc.mallet.fst.CRFOptimizableByLabelLikelihood getValue
信息: getValue() (loglikelihood, optimizable by label likelihood) = -33.38752110199027
十月 01, 2015 4:26:28 下午 cc.mallet.fst.CRFTrainerByLabelLikelihood train
信息: CRF finished one iteration of maximizer, i=10
十月 01, 2015 4:26:28 下午 cc.mallet.fst.CRFOptimizableByLabelLikelihood getValue
信息: getValue() (loglikelihood, optimizable by label likelihood) = -33.35934572861555
十月 01, 2015 4:26:28 下午 cc.mallet.fst.CRFTrainerByLabelLikelihood train
信息: CRF finished one iteration of maximizer, i=11
十月 01, 2015 4:26:28 下午 cc.mallet.fst.CRFOptimizableByLabelLikelihood getValue
信息: getValue() (loglikelihood, optimizable by label likelihood) = -33.362444418863575
十月 01, 2015 4:26:28 下午 cc.mallet.fst.CRFOptimizableByLabelLikelihood getValue
信息: getValue() (loglikelihood, optimizable by label likelihood) = -33.35666064458722
十月 01, 2015 4:26:28 下午 cc.mallet.optimize.LimitedMemoryBFGS optimize
信息: Exiting L-BFGS on termination #1:
value difference below tolerance (oldValue: -33.35934572861555 newValue: -33.35666064458722
十月 01, 2015 4:26:28 下午 cc.mallet.fst.CRFTrainerByLabelLikelihood train
信息: CRF finished one iteration of maximizer, i=12
十月 01, 2015 4:26:28 下午 cc.mallet.fst.CRFTrainerByLabelLikelihood train
信息: CRF training has converged, i=12
</system-err>
  </testcase>
  <testcase time="0.106" classname="cc.mallet.extract.test.TestLatticeViewer" name="testDualSpaceViewer">
    <error message="cc.mallet.extract.StringTokenization cannot be cast to java.lang.CharSequence" type="java.lang.ClassCastException">java.lang.ClassCastException: cc.mallet.extract.StringTokenization cannot be cast to java.lang.CharSequence
	at cc.mallet.pipe.CharSequence2TokenSequence.pipe(CharSequence2TokenSequence.java:63)
	at cc.mallet.pipe.Pipe$SimplePipeInstanceIterator.next(Pipe.java:295)
	at cc.mallet.pipe.Pipe$SimplePipeInstanceIterator.next(Pipe.java:283)
	at cc.mallet.pipe.Pipe$SimplePipeInstanceIterator.next(Pipe.java:291)
	at cc.mallet.pipe.Pipe$SimplePipeInstanceIterator.next(Pipe.java:283)
	at cc.mallet.types.InstanceList.addThruPipe(InstanceList.java:267)
	at cc.mallet.extract.CRFExtractor.extract(CRFExtractor.java:151)
	at cc.mallet.extract.test.TestLatticeViewer.testDualSpaceViewer(TestLatticeViewer.java:119)
	at sun.reflect.NativeMethodAccessorImpl.invoke0(Native Method)
	at sun.reflect.NativeMethodAccessorImpl.invoke(NativeMethodAccessorImpl.java:57)
	at sun.reflect.DelegatingMethodAccessorImpl.invoke(DelegatingMethodAccessorImpl.java:43)
	at java.lang.reflect.Method.invoke(Method.java:606)
	at junit.framework.TestCase.runTest(TestCase.java:168)
	at junit.framework.TestCase.runBare(TestCase.java:134)
	at junit.framework.TestResult$1.protect(TestResult.java:110)
	at junit.framework.TestResult.runProtected(TestResult.java:128)
	at junit.framework.TestResult.run(TestResult.java:113)
	at junit.framework.TestCase.run(TestCase.java:124)
	at junit.framework.TestSuite.runTest(TestSuite.java:243)
	at junit.framework.TestSuite.run(TestSuite.java:238)
	at org.junit.internal.runners.JUnit38ClassRunner.run(JUnit38ClassRunner.java:83)
	at org.apache.maven.surefire.junit4.JUnit4Provider.execute(JUnit4Provider.java:252)
	at org.apache.maven.surefire.junit4.JUnit4Provider.executeTestSet(JUnit4Provider.java:141)
	at org.apache.maven.surefire.junit4.JUnit4Provider.invoke(JUnit4Provider.java:112)
	at sun.reflect.NativeMethodAccessorImpl.invoke0(Native Method)
	at sun.reflect.NativeMethodAccessorImpl.invoke(NativeMethodAccessorImpl.java:57)
	at sun.reflect.DelegatingMethodAccessorImpl.invoke(DelegatingMethodAccessorImpl.java:43)
	at java.lang.reflect.Method.invoke(Method.java:606)
	at org.apache.maven.surefire.util.ReflectionUtils.invokeMethodWithArray(ReflectionUtils.java:189)
	at org.apache.maven.surefire.booter.ProviderFactory$ProviderProxy.invoke(ProviderFactory.java:165)
	at org.apache.maven.surefire.booter.ProviderFactory.invokeProvider(ProviderFactory.java:85)
	at org.apache.maven.surefire.booter.ForkedBooter.runSuitesInProcess(ForkedBooter.java:115)
	at org.apache.maven.surefire.booter.ForkedBooter.main(ForkedBooter.java:75)
</error>
    <system-out>State #0 &quot;start&quot;
initialWeight=0.0, finalWeight=0.0
#destinations=2
-&gt; start
-&gt; notstart
State #1 &quot;notstart&quot;
initialWeight=0.0, finalWeight=0.0
#destinations=2
-&gt; start
-&gt; notstart
</system-out>
    <system-err>十月 01, 2015 4:26:28 下午 cc.mallet.fst.CRF addFullyConnectedStatesForLabels
信息: CRF: outputAlphabet.lookup class = java.lang.String
十月 01, 2015 4:26:28 下午 cc.mallet.fst.CRF addFullyConnectedStatesForLabels
信息: CRF: outputAlphabet.lookup class = java.lang.String
十月 01, 2015 4:26:28 下午 cc.mallet.fst.CRF setWeightsDimensionAsIn
信息: CRF weights[start-&gt;start:start] num features = 8
十月 01, 2015 4:26:28 下午 cc.mallet.fst.CRF setWeightsDimensionAsIn
信息: CRF weights[start-&gt;notstart:notstart] num features = 63
十月 01, 2015 4:26:28 下午 cc.mallet.fst.CRF setWeightsDimensionAsIn
信息: CRF weights[notstart-&gt;start:start] num features = 72
十月 01, 2015 4:26:28 下午 cc.mallet.fst.CRF setWeightsDimensionAsIn
信息: CRF weights[notstart-&gt;notstart:notstart] num features = 169
十月 01, 2015 4:26:28 下午 cc.mallet.fst.CRF setWeightsDimensionAsIn
信息: Number of weights = 316
十月 01, 2015 4:26:28 下午 cc.mallet.fst.CRFTrainerByLabelLikelihood train
信息: CRF about to train with 1 iterations
十月 01, 2015 4:26:28 下午 cc.mallet.fst.CRFOptimizableByLabelLikelihood getValue
信息: getValue() (loglikelihood, optimizable by label likelihood) = -112.98299043127126
十月 01, 2015 4:26:28 下午 cc.mallet.fst.CRFOptimizableByLabelLikelihood getValue
信息: getValue() (loglikelihood, optimizable by label likelihood) = -81.68791364037904
十月 01, 2015 4:26:28 下午 cc.mallet.fst.CRFOptimizableByLabelLikelihood getValue
信息: getValue() (loglikelihood, optimizable by label likelihood) = -72.25848457068977
十月 01, 2015 4:26:28 下午 cc.mallet.fst.CRFTrainerByLabelLikelihood train
信息: CRF finished one iteration of maximizer, i=0
十月 01, 2015 4:26:28 下午 cc.mallet.fst.TransducerEvaluator preamble
信息: Evaluator iteration=1 cost=NA (not Optimizable.ByValue)
十月 01, 2015 4:26:28 下午 cc.mallet.fst.TokenAccuracyEvaluator evaluateInstanceList
信息: Training accuracy=0.7914110429447853
十月 01, 2015 4:26:28 下午 cc.mallet.fst.TokenAccuracyEvaluator evaluateInstanceList
信息: Testing accuracy=0.7979120059656972
十月 01, 2015 4:26:28 下午 cc.mallet.fst.CRFTrainerByLabelLikelihood train
信息: CRF about to train with 1 iterations
十月 01, 2015 4:26:28 下午 cc.mallet.fst.CRFOptimizableByLabelLikelihood getValue
信息: getValue() (loglikelihood, optimizable by label likelihood) = -57.76106918226742
十月 01, 2015 4:26:28 下午 cc.mallet.fst.CRFTrainerByLabelLikelihood train
信息: CRF finished one iteration of maximizer, i=0
十月 01, 2015 4:26:28 下午 cc.mallet.fst.TransducerEvaluator preamble
信息: Evaluator iteration=2 cost=NA (not Optimizable.ByValue)
十月 01, 2015 4:26:28 下午 cc.mallet.fst.TokenAccuracyEvaluator evaluateInstanceList
信息: Training accuracy=0.8650306748466258
十月 01, 2015 4:26:28 下午 cc.mallet.fst.TokenAccuracyEvaluator evaluateInstanceList
信息: Testing accuracy=0.8287347750434999
十月 01, 2015 4:26:28 下午 cc.mallet.fst.CRFTrainerByLabelLikelihood train
信息: CRF about to train with 1 iterations
十月 01, 2015 4:26:28 下午 cc.mallet.fst.CRFOptimizableByLabelLikelihood getValue
信息: getValue() (loglikelihood, optimizable by label likelihood) = -50.73945185400652
十月 01, 2015 4:26:28 下午 cc.mallet.fst.CRFTrainerByLabelLikelihood train
信息: CRF finished one iteration of maximizer, i=0
十月 01, 2015 4:26:28 下午 cc.mallet.fst.TransducerEvaluator preamble
信息: Evaluator iteration=3 cost=NA (not Optimizable.ByValue)
十月 01, 2015 4:26:28 下午 cc.mallet.fst.TokenAccuracyEvaluator evaluateInstanceList
信息: Training accuracy=0.8834355828220859
十月 01, 2015 4:26:28 下午 cc.mallet.fst.TokenAccuracyEvaluator evaluateInstanceList
信息: Testing accuracy=0.8100919711657967
十月 01, 2015 4:26:28 下午 cc.mallet.fst.CRFTrainerByLabelLikelihood train
信息: CRF about to train with 1 iterations
十月 01, 2015 4:26:28 下午 cc.mallet.fst.CRFOptimizableByLabelLikelihood getValue
信息: getValue() (loglikelihood, optimizable by label likelihood) = -39.30337445643808
十月 01, 2015 4:26:28 下午 cc.mallet.fst.CRFTrainerByLabelLikelihood train
信息: CRF finished one iteration of maximizer, i=0
十月 01, 2015 4:26:28 下午 cc.mallet.fst.TransducerEvaluator preamble
信息: Evaluator iteration=4 cost=NA (not Optimizable.ByValue)
十月 01, 2015 4:26:28 下午 cc.mallet.fst.TokenAccuracyEvaluator evaluateInstanceList
信息: Training accuracy=0.9570552147239264
十月 01, 2015 4:26:28 下午 cc.mallet.fst.TokenAccuracyEvaluator evaluateInstanceList
信息: Testing accuracy=0.8250062142679593
十月 01, 2015 4:26:28 下午 cc.mallet.fst.CRFTrainerByLabelLikelihood train
信息: CRF about to train with 1 iterations
十月 01, 2015 4:26:28 下午 cc.mallet.fst.CRFOptimizableByLabelLikelihood getValue
信息: getValue() (loglikelihood, optimizable by label likelihood) = -35.161876870420066
十月 01, 2015 4:26:28 下午 cc.mallet.fst.CRFTrainerByLabelLikelihood train
信息: CRF finished one iteration of maximizer, i=0
十月 01, 2015 4:26:28 下午 cc.mallet.fst.TransducerEvaluator preamble
信息: Evaluator iteration=5 cost=NA (not Optimizable.ByValue)
十月 01, 2015 4:26:28 下午 cc.mallet.fst.TokenAccuracyEvaluator evaluateInstanceList
信息: Training accuracy=0.9693251533742331
十月 01, 2015 4:26:28 下午 cc.mallet.fst.TokenAccuracyEvaluator evaluateInstanceList
信息: Testing accuracy=0.8339547601292567
</system-err>
  </testcase>
</testsuite>