<?xml version="1.0" encoding="UTF-8" ?>
<testsuite failures="0" time="0" errors="0" skipped="0" tests="4" name="cc.mallet.grmm.test.TestHashClique">
  <properties>
[...]
</properties>
  <testcase time="0" classname="cc.mallet.grmm.test.TestHashClique" name="testEqualsHashCode"/>
  <testcase time="0" classname="cc.mallet.grmm.test.TestHashClique" name="testAddAllOrdering"/>
  <testcase time="0" classname="cc.mallet.grmm.test.TestHashClique" name="testAddAllOrdering2"/>
  <testcase time="0" classname="cc.mallet.grmm.test.TestHashClique" name="testAddAllOrdering3"/>
</testsuite>